Using pre-set license
Built from '2020.3/release' branch; Version is '2020.3.12f1 (b3b2c6512326) revision 11776710'; Using compiler version '192528614'; Build Type 'Release'
OS: 'Windows 10 Pro; OS build 19042.1052; Version 2009; 64bit' Language: 'en' Physical Memory: 16116 MB
BatchMode: 1, IsHumanControllingUs: 0, StartBugReporterOnCrash: 0, Is64bit: 1, IsPro: 0

 COMMAND LINE ARGUMENTS:
C:\Program Files\Unity\Hub\Editor\2020.3.12f1\Editor\Unity.exe
-adb2
-batchMode
-noUpm
-name
AssetImportWorker0
-projectPath
C:/Users/cibi_/Documents/GitHub/Rocket-Boost/Project Boost
-logFile
Logs/AssetImportWorker0.log
-srvPort
53293
Successfully changed project path to: C:/Users/cibi_/Documents/GitHub/Rocket-Boost/Project Boost
C:/Users/cibi_/Documents/GitHub/Rocket-Boost/Project Boost
Using Asset Import Pipeline V2.
Refreshing native plugins compatible for Editor in 27.59 ms, found 2 plugins.
Preloading 0 native plugins for Editor in 0.00 ms.
Initialize engine version: 2020.3.12f1 (b3b2c6512326)
[Subsystems] Discovering subsystems at path C:/Program Files/Unity/Hub/Editor/2020.3.12f1/Editor/Data/Resources/UnitySubsystems
[Subsystems] Discovering subsystems at path C:/Users/cibi_/Documents/GitHub/Rocket-Boost/Project Boost/Assets
GfxDevice: creating device client; threaded=0
Direct3D:
    Version:  Direct3D 11.0 [level 11.1]
    Renderer: NVIDIA GeForce GTX 1050 Ti with Max-Q Design (ID=0x1c8c)
    Vendor:   
    VRAM:     4021 MB
    Driver:   27.21.14.6231
Initialize mono
Mono path[0] = 'C:/Program Files/Unity/Hub/Editor/2020.3.12f1/Editor/Data/Managed'
Mono path[1] = 'C:/Program Files/Unity/Hub/Editor/2020.3.12f1/Editor/Data/MonoBleedingEdge/lib/mono/unityjit'
Mono config path = 'C:/Program Files/Unity/Hub/Editor/2020.3.12f1/Editor/Data/MonoBleedingEdge/etc'
Using monoOptions --debugger-agent=transport=dt_socket,embedding=1,server=y,suspend=n,address=127.0.0.1:56676
Begin MonoManager ReloadAssembly
Registering precompiled unity dll's ...
Register platform support module: C:/Program Files/Unity/Hub/Editor/2020.3.12f1/Editor/Data/PlaybackEngines/WebGLSupport/UnityEditor.WebGL.Extensions.dll
Register platform support module: C:/Program Files/Unity/Hub/Editor/2020.3.12f1/Editor/Data/PlaybackEngines/WindowsStandaloneSupport/UnityEditor.WindowsStandalone.Extensions.dll
Registered in 0.238265 seconds.
Native extension for WindowsStandalone target not found
Native extension for WebGL target not found
Refreshing native plugins compatible for Editor in 26.52 ms, found 2 plugins.
Preloading 0 native plugins for Editor in 0.00 ms.
Mono: successfully reloaded assembly
- Completed reload, in  8.206 seconds
Platform modules already initialized, skipping
Registering precompiled user dll's ...
Registered in 0.649794 seconds.
Begin MonoManager ReloadAssembly
Native extension for WindowsStandalone target not found
Native extension for WebGL target not found
Refreshing native plugins compatible for Editor in 0.50 ms, found 2 plugins.
Preloading 0 native plugins for Editor in 0.00 ms.
Mono: successfully reloaded assembly
- Completed reload, in  3.022 seconds
Platform modules already initialized, skipping
========================================================================
Worker process is ready to serve import requests
Launched and connected shader compiler UnityShaderCompiler.exe after 0.11 seconds
Refreshing native plugins compatible for Editor in 0.27 ms, found 2 plugins.
Preloading 0 native plugins for Editor in 0.00 ms.
Unloading 1388 Unused Serialized files (Serialized files now loaded: 0)
System memory in use before: 64.8 MB.
System memory in use after: 64.8 MB.

Unloading 19 unused Assets to reduce memory usage. Loaded Objects now: 1821.
Total: 2.247600 ms (FindLiveObjects: 0.232400 ms CreateObjectMapping: 0.061900 ms MarkObjects: 1.869000 ms  DeleteObjects: 0.082400 ms)

AssetImportParameters requested are different than current active one (requested -> active):
  custom:framework-win-MediaFoundation: 216162199b28c13a410421893ffa2e32 -> 
  custom:video-decoder-ogg-theora: a1e56fd34408186e4bbccfd4996cb3dc -> 
  custom:container-muxer-webm: aa71ff27fc2769a1b78a27578f13a17b -> 
  custom:container-demuxer-webm: 4f35f7cbe854078d1ac9338744f61a02 -> 
  custom:container-demuxer-ogg: 62fdf1f143b41e24485cea50d1cbac27 -> 
  custom:video-encoder-webm-vp8: eb34c28f22e8b96e1ab97ce403110664 -> 
  custom:video-decoder-webm-vp8: 9c59270c3fd7afecdb556c50c9e8de78 -> 
  custom:audio-decoder-ogg-vorbis: bf7c407c2cedff20999df2af8eb42d56 -> 
  custom:audio-encoder-webm-vorbis: bf7c407c2cedff20999df2af8eb42d56 -> 
========================================================================
Received Import Request.
  path: Assets/Audio/SFX - Success.ogg
  artifactKey: Guid(676945d695c360146bb24527ed4f771d) Importer(815301076,1909f56bfc062723c751e8b465ee728b)
Start importing Assets/Audio/SFX - Success.ogg using Guid(676945d695c360146bb24527ed4f771d) Importer(815301076,1909f56bfc062723c751e8b465ee728b)  -> (artifact id: '525f102e163375c2b4188b942dee44d2') in 0.137196 seconds 
  Import took 0.140581 seconds .

========================================================================
Received Import Request.
  Time since last request: 0.000530 seconds.
  path: Assets/Audio/SFX - Death Explosion.ogg
  artifactKey: Guid(0d3bddc933d7feb4f87a5dd37a24d771) Importer(815301076,1909f56bfc062723c751e8b465ee728b)
Start importing Assets/Audio/SFX - Death Explosion.ogg using Guid(0d3bddc933d7feb4f87a5dd37a24d771) Importer(815301076,1909f56bfc062723c751e8b465ee728b)  -> (artifact id: '26fb31cc4e06961ce117274c9d0f232c') in 0.016474 seconds 
  Import took 0.019747 seconds .

========================================================================
Received Prepare
Registering precompiled user dll's ...
Registered in 0.003680 seconds.
Begin MonoManager ReloadAssembly
Native extension for WindowsStandalone target not found
Native extension for WebGL target not found
Refreshing native plugins compatible for Editor in 0.30 ms, found 2 plugins.
Preloading 0 native plugins for Editor in 0.00 ms.
Mono: successfully reloaded assembly
- Completed reload, in  1.031 seconds
Platform modules already initialized, skipping
Refreshing native plugins compatible for Editor in 0.28 ms, found 2 plugins.
Preloading 0 native plugins for Editor in 0.00 ms.
Unloading 1383 Unused Serialized files (Serialized files now loaded: 0)
System memory in use before: 67.8 MB.
System memory in use after: 67.9 MB.

Unloading 14 unused Assets to reduce memory usage. Loaded Objects now: 1833.
Total: 1.835700 ms (FindLiveObjects: 0.130900 ms CreateObjectMapping: 0.038100 ms MarkObjects: 1.619200 ms  DeleteObjects: 0.046200 ms)

AssetImportParameters requested are different than current active one (requested -> active):
  custom:framework-win-MediaFoundation: 216162199b28c13a410421893ffa2e32 -> 
  custom:video-decoder-ogg-theora: a1e56fd34408186e4bbccfd4996cb3dc -> 
  custom:container-muxer-webm: aa71ff27fc2769a1b78a27578f13a17b -> 
  custom:container-demuxer-webm: 4f35f7cbe854078d1ac9338744f61a02 -> 
  custom:container-demuxer-ogg: 62fdf1f143b41e24485cea50d1cbac27 -> 
  custom:video-encoder-webm-vp8: eb34c28f22e8b96e1ab97ce403110664 -> 
  custom:video-decoder-webm-vp8: 9c59270c3fd7afecdb556c50c9e8de78 -> 
  custom:audio-decoder-ogg-vorbis: bf7c407c2cedff20999df2af8eb42d56 -> 
  custom:audio-encoder-webm-vorbis: bf7c407c2cedff20999df2af8eb42d56 -> 
========================================================================
Received Prepare
Registering precompiled user dll's ...
Registered in 0.004959 seconds.
Begin MonoManager ReloadAssembly
Native extension for WindowsStandalone target not found
Native extension for WebGL target not found
Refreshing native plugins compatible for Editor in 0.28 ms, found 2 plugins.
Preloading 0 native plugins for Editor in 0.00 ms.
Mono: successfully reloaded assembly
- Completed reload, in  0.953 seconds
Platform modules already initialized, skipping
Refreshing native plugins compatible for Editor in 0.47 ms, found 2 plugins.
Preloading 0 native plugins for Editor in 0.00 ms.
Unloading 1383 Unused Serialized files (Serialized files now loaded: 0)
System memory in use before: 67.9 MB.
System memory in use after: 67.9 MB.

Unloading 14 unused Assets to reduce memory usage. Loaded Objects now: 1836.
Total: 1.840700 ms (FindLiveObjects: 0.145900 ms CreateObjectMapping: 0.036500 ms MarkObjects: 1.611200 ms  DeleteObjects: 0.046100 ms)

AssetImportParameters requested are different than current active one (requested -> active):
  custom:framework-win-MediaFoundation: 216162199b28c13a410421893ffa2e32 -> 
  custom:video-decoder-ogg-theora: a1e56fd34408186e4bbccfd4996cb3dc -> 
  custom:container-muxer-webm: aa71ff27fc2769a1b78a27578f13a17b -> 
  custom:container-demuxer-webm: 4f35f7cbe854078d1ac9338744f61a02 -> 
  custom:container-demuxer-ogg: 62fdf1f143b41e24485cea50d1cbac27 -> 
  custom:video-encoder-webm-vp8: eb34c28f22e8b96e1ab97ce403110664 -> 
  custom:video-decoder-webm-vp8: 9c59270c3fd7afecdb556c50c9e8de78 -> 
  custom:audio-decoder-ogg-vorbis: bf7c407c2cedff20999df2af8eb42d56 -> 
  custom:audio-encoder-webm-vorbis: bf7c407c2cedff20999df2af8eb42d56 -> 
========================================================================
Received Prepare
Registering precompiled user dll's ...
Registered in 0.005050 seconds.
Begin MonoManager ReloadAssembly
Native extension for WindowsStandalone target not found
Native extension for WebGL target not found
Refreshing native plugins compatible for Editor in 0.28 ms, found 2 plugins.
Preloading 0 native plugins for Editor in 0.00 ms.
Mono: successfully reloaded assembly
- Completed reload, in  0.990 seconds
Platform modules already initialized, skipping
Refreshing native plugins compatible for Editor in 0.32 ms, found 2 plugins.
Preloading 0 native plugins for Editor in 0.00 ms.
Unloading 1383 Unused Serialized files (Serialized files now loaded: 0)
System memory in use before: 67.9 MB.
System memory in use after: 67.9 MB.

Unloading 14 unused Assets to reduce memory usage. Loaded Objects now: 1839.
Total: 1.871100 ms (FindLiveObjects: 0.131900 ms CreateObjectMapping: 0.042100 ms MarkObjects: 1.648400 ms  DeleteObjects: 0.047800 ms)

AssetImportParameters requested are different than current active one (requested -> active):
  custom:framework-win-MediaFoundation: 216162199b28c13a410421893ffa2e32 -> 
  custom:video-decoder-ogg-theora: a1e56fd34408186e4bbccfd4996cb3dc -> 
  custom:container-muxer-webm: aa71ff27fc2769a1b78a27578f13a17b -> 
  custom:container-demuxer-webm: 4f35f7cbe854078d1ac9338744f61a02 -> 
  custom:container-demuxer-ogg: 62fdf1f143b41e24485cea50d1cbac27 -> 
  custom:video-encoder-webm-vp8: eb34c28f22e8b96e1ab97ce403110664 -> 
  custom:video-decoder-webm-vp8: 9c59270c3fd7afecdb556c50c9e8de78 -> 
  custom:audio-decoder-ogg-vorbis: bf7c407c2cedff20999df2af8eb42d56 -> 
  custom:audio-encoder-webm-vorbis: bf7c407c2cedff20999df2af8eb42d56 -> 
========================================================================
Received Prepare
Registering precompiled user dll's ...
Registered in 0.004055 seconds.
Begin MonoManager ReloadAssembly
Native extension for WindowsStandalone target not found
Native extension for WebGL target not found
Refreshing native plugins compatible for Editor in 0.28 ms, found 2 plugins.
Preloading 0 native plugins for Editor in 0.00 ms.
Mono: successfully reloaded assembly
- Completed reload, in  0.995 seconds
Platform modules already initialized, skipping
Refreshing native plugins compatible for Editor in 0.27 ms, found 2 plugins.
Preloading 0 native plugins for Editor in 0.00 ms.
Unloading 1383 Unused Serialized files (Serialized files now loaded: 0)
System memory in use before: 67.9 MB.
System memory in use after: 68.0 MB.

Unloading 14 unused Assets to reduce memory usage. Loaded Objects now: 1842.
Total: 1.853600 ms (FindLiveObjects: 0.138200 ms CreateObjectMapping: 0.035400 ms MarkObjects: 1.631600 ms  DeleteObjects: 0.047700 ms)

AssetImportParameters requested are different than current active one (requested -> active):
  custom:framework-win-MediaFoundation: 216162199b28c13a410421893ffa2e32 -> 
  custom:video-decoder-ogg-theora: a1e56fd34408186e4bbccfd4996cb3dc -> 
  custom:container-muxer-webm: aa71ff27fc2769a1b78a27578f13a17b -> 
  custom:container-demuxer-webm: 4f35f7cbe854078d1ac9338744f61a02 -> 
  custom:container-demuxer-ogg: 62fdf1f143b41e24485cea50d1cbac27 -> 
  custom:video-encoder-webm-vp8: eb34c28f22e8b96e1ab97ce403110664 -> 
  custom:video-decoder-webm-vp8: 9c59270c3fd7afecdb556c50c9e8de78 -> 
  custom:audio-decoder-ogg-vorbis: bf7c407c2cedff20999df2af8eb42d56 -> 
  custom:audio-encoder-webm-vorbis: bf7c407c2cedff20999df2af8eb42d56 -> 
========================================================================
Received Prepare
Registering precompiled user dll's ...
Registered in 0.003637 seconds.
Begin MonoManager ReloadAssembly
Native extension for WindowsStandalone target not found
Native extension for WebGL target not found
Refreshing native plugins compatible for Editor in 0.28 ms, found 2 plugins.
Preloading 0 native plugins for Editor in 0.00 ms.
Mono: successfully reloaded assembly
- Completed reload, in  0.990 seconds
Platform modules already initialized, skipping
Refreshing native plugins compatible for Editor in 0.31 ms, found 2 plugins.
Preloading 0 native plugins for Editor in 0.00 ms.
Unloading 1383 Unused Serialized files (Serialized files now loaded: 0)
System memory in use before: 67.9 MB.
System memory in use after: 68.0 MB.

Unloading 14 unused Assets to reduce memory usage. Loaded Objects now: 1845.
Total: 2.176300 ms (FindLiveObjects: 0.134500 ms CreateObjectMapping: 0.037400 ms MarkObjects: 1.856600 ms  DeleteObjects: 0.146400 ms)

AssetImportParameters requested are different than current active one (requested -> active):
  custom:framework-win-MediaFoundation: 216162199b28c13a410421893ffa2e32 -> 
  custom:video-decoder-ogg-theora: a1e56fd34408186e4bbccfd4996cb3dc -> 
  custom:container-muxer-webm: aa71ff27fc2769a1b78a27578f13a17b -> 
  custom:container-demuxer-webm: 4f35f7cbe854078d1ac9338744f61a02 -> 
  custom:container-demuxer-ogg: 62fdf1f143b41e24485cea50d1cbac27 -> 
  custom:video-encoder-webm-vp8: eb34c28f22e8b96e1ab97ce403110664 -> 
  custom:video-decoder-webm-vp8: 9c59270c3fd7afecdb556c50c9e8de78 -> 
  custom:audio-decoder-ogg-vorbis: bf7c407c2cedff20999df2af8eb42d56 -> 
  custom:audio-encoder-webm-vorbis: bf7c407c2cedff20999df2af8eb42d56 -> 
========================================================================
Received Prepare
Registering precompiled user dll's ...
Registered in 0.003627 seconds.
Begin MonoManager ReloadAssembly
Native extension for WindowsStandalone target not found
Native extension for WebGL target not found
Refreshing native plugins compatible for Editor in 0.29 ms, found 2 plugins.
Preloading 0 native plugins for Editor in 0.00 ms.
Mono: successfully reloaded assembly
- Completed reload, in  0.969 seconds
Platform modules already initialized, skipping
Refreshing native plugins compatible for Editor in 0.27 ms, found 2 plugins.
Preloading 0 native plugins for Editor in 0.00 ms.
Unloading 1383 Unused Serialized files (Serialized files now loaded: 0)
System memory in use before: 67.9 MB.
System memory in use after: 68.0 MB.

Unloading 14 unused Assets to reduce memory usage. Loaded Objects now: 1848.
Total: 2.067400 ms (FindLiveObjects: 0.143600 ms CreateObjectMapping: 0.042300 ms MarkObjects: 1.832300 ms  DeleteObjects: 0.048000 ms)

AssetImportParameters requested are different than current active one (requested -> active):
  custom:framework-win-MediaFoundation: 216162199b28c13a410421893ffa2e32 -> 
  custom:video-decoder-ogg-theora: a1e56fd34408186e4bbccfd4996cb3dc -> 
  custom:container-muxer-webm: aa71ff27fc2769a1b78a27578f13a17b -> 
  custom:container-demuxer-webm: 4f35f7cbe854078d1ac9338744f61a02 -> 
  custom:container-demuxer-ogg: 62fdf1f143b41e24485cea50d1cbac27 -> 
  custom:video-encoder-webm-vp8: eb34c28f22e8b96e1ab97ce403110664 -> 
  custom:video-decoder-webm-vp8: 9c59270c3fd7afecdb556c50c9e8de78 -> 
  custom:audio-decoder-ogg-vorbis: bf7c407c2cedff20999df2af8eb42d56 -> 
  custom:audio-encoder-webm-vorbis: bf7c407c2cedff20999df2af8eb42d56 -> 
========================================================================
Received Prepare
Registering precompiled user dll's ...
Registered in 0.003849 seconds.
Begin MonoManager ReloadAssembly
Native extension for WindowsStandalone target not found
Native extension for WebGL target not found
Refreshing native plugins compatible for Editor in 0.28 ms, found 2 plugins.
Preloading 0 native plugins for Editor in 0.00 ms.
Mono: successfully reloaded assembly
- Completed reload, in  0.965 seconds
Platform modules already initialized, skipping
Refreshing native plugins compatible for Editor in 0.27 ms, found 2 plugins.
Preloading 0 native plugins for Editor in 0.00 ms.
Unloading 1383 Unused Serialized files (Serialized files now loaded: 0)
System memory in use before: 67.9 MB.
System memory in use after: 68.0 MB.

Unloading 14 unused Assets to reduce memory usage. Loaded Objects now: 1851.
Total: 1.791400 ms (FindLiveObjects: 0.146900 ms CreateObjectMapping: 0.035700 ms MarkObjects: 1.556600 ms  DeleteObjects: 0.051200 ms)

AssetImportParameters requested are different than current active one (requested -> active):
  custom:framework-win-MediaFoundation: 216162199b28c13a410421893ffa2e32 -> 
  custom:video-decoder-ogg-theora: a1e56fd34408186e4bbccfd4996cb3dc -> 
  custom:container-muxer-webm: aa71ff27fc2769a1b78a27578f13a17b -> 
  custom:container-demuxer-webm: 4f35f7cbe854078d1ac9338744f61a02 -> 
  custom:container-demuxer-ogg: 62fdf1f143b41e24485cea50d1cbac27 -> 
  custom:video-encoder-webm-vp8: eb34c28f22e8b96e1ab97ce403110664 -> 
  custom:video-decoder-webm-vp8: 9c59270c3fd7afecdb556c50c9e8de78 -> 
  custom:audio-decoder-ogg-vorbis: bf7c407c2cedff20999df2af8eb42d56 -> 
  custom:audio-encoder-webm-vorbis: bf7c407c2cedff20999df2af8eb42d56 -> 
========================================================================
Received Prepare
Registering precompiled user dll's ...
Registered in 0.003675 seconds.
Begin MonoManager ReloadAssembly
Native extension for WindowsStandalone target not found
Native extension for WebGL target not found
Refreshing native plugins compatible for Editor in 0.27 ms, found 2 plugins.
Preloading 0 native plugins for Editor in 0.00 ms.
Mono: successfully reloaded assembly
- Completed reload, in  0.881 seconds
Platform modules already initialized, skipping
Refreshing native plugins compatible for Editor in 0.27 ms, found 2 plugins.
Preloading 0 native plugins for Editor in 0.00 ms.
Unloading 1383 Unused Serialized files (Serialized files now loaded: 0)
System memory in use before: 67.9 MB.
System memory in use after: 68.0 MB.

Unloading 14 unused Assets to reduce memory usage. Loaded Objects now: 1854.
Total: 1.899900 ms (FindLiveObjects: 0.131700 ms CreateObjectMapping: 0.042200 ms MarkObjects: 1.674300 ms  DeleteObjects: 0.050800 ms)

AssetImportParameters requested are different than current active one (requested -> active):
  custom:framework-win-MediaFoundation: 216162199b28c13a410421893ffa2e32 -> 
  custom:video-decoder-ogg-theora: a1e56fd34408186e4bbccfd4996cb3dc -> 
  custom:container-muxer-webm: aa71ff27fc2769a1b78a27578f13a17b -> 
  custom:container-demuxer-webm: 4f35f7cbe854078d1ac9338744f61a02 -> 
  custom:container-demuxer-ogg: 62fdf1f143b41e24485cea50d1cbac27 -> 
  custom:video-encoder-webm-vp8: eb34c28f22e8b96e1ab97ce403110664 -> 
  custom:video-decoder-webm-vp8: 9c59270c3fd7afecdb556c50c9e8de78 -> 
  custom:audio-decoder-ogg-vorbis: bf7c407c2cedff20999df2af8eb42d56 -> 
  custom:audio-encoder-webm-vorbis: bf7c407c2cedff20999df2af8eb42d56 -> 
========================================================================
Received Prepare
Registering precompiled user dll's ...
Registered in 0.003817 seconds.
Begin MonoManager ReloadAssembly
Native extension for WindowsStandalone target not found
Native extension for WebGL target not found
Refreshing native plugins compatible for Editor in 0.28 ms, found 2 plugins.
Preloading 0 native plugins for Editor in 0.00 ms.
Mono: successfully reloaded assembly
- Completed reload, in  0.907 seconds
Platform modules already initialized, skipping
Refreshing native plugins compatible for Editor in 0.32 ms, found 2 plugins.
Preloading 0 native plugins for Editor in 0.00 ms.
Unloading 1383 Unused Serialized files (Serialized files now loaded: 0)
System memory in use before: 67.9 MB.
System memory in use after: 68.0 MB.

Unloading 14 unused Assets to reduce memory usage. Loaded Objects now: 1857.
Total: 2.071900 ms (FindLiveObjects: 0.146200 ms CreateObjectMapping: 0.040500 ms MarkObjects: 1.834400 ms  DeleteObjects: 0.049900 ms)

AssetImportParameters requested are different than current active one (requested -> active):
  custom:framework-win-MediaFoundation: 216162199b28c13a410421893ffa2e32 -> 
  custom:video-decoder-ogg-theora: a1e56fd34408186e4bbccfd4996cb3dc -> 
  custom:container-muxer-webm: aa71ff27fc2769a1b78a27578f13a17b -> 
  custom:container-demuxer-webm: 4f35f7cbe854078d1ac9338744f61a02 -> 
  custom:container-demuxer-ogg: 62fdf1f143b41e24485cea50d1cbac27 -> 
  custom:video-encoder-webm-vp8: eb34c28f22e8b96e1ab97ce403110664 -> 
  custom:video-decoder-webm-vp8: 9c59270c3fd7afecdb556c50c9e8de78 -> 
  custom:audio-decoder-ogg-vorbis: bf7c407c2cedff20999df2af8eb42d56 -> 
  custom:audio-encoder-webm-vorbis: bf7c407c2cedff20999df2af8eb42d56 -> 
========================================================================
Received Import Request.
  Time since last request: 4649.684912 seconds.
  path: Assets/Prefab/Landing Pad.prefab
  artifactKey: Guid(7f33beadd15e81b4c8d110bcaec30c5a) Importer(815301076,1909f56bfc062723c751e8b465ee728b)
Start importing Assets/Prefab/Landing Pad.prefab using Guid(7f33beadd15e81b4c8d110bcaec30c5a) Importer(815301076,1909f56bfc062723c751e8b465ee728b)  -> (artifact id: 'dff1e7e9a1a2183d97acb490ddbbff67') in 0.108067 seconds 
  Import took 0.110848 seconds .

========================================================================
Received Import Request.
  Time since last request: 0.000289 seconds.
  path: Assets/Prefab/Launch Pad.prefab
  artifactKey: Guid(bd5d2df9456cb5549aa7f2ab62c5266e) Importer(815301076,1909f56bfc062723c751e8b465ee728b)
Start importing Assets/Prefab/Launch Pad.prefab using Guid(bd5d2df9456cb5549aa7f2ab62c5266e) Importer(815301076,1909f56bfc062723c751e8b465ee728b)  -> (artifact id: 'adbf6fa7c1d1b1b855c1c41b27a2d5f8') in 0.029146 seconds 
  Import took 0.031591 seconds .

========================================================================
Received Import Request.
  Time since last request: 0.000367 seconds.
  path: Assets/Prefab/Obstacle.prefab
  artifactKey: Guid(813e3ed4dfff0fb44a5546e534df7a78) Importer(815301076,1909f56bfc062723c751e8b465ee728b)
Start importing Assets/Prefab/Obstacle.prefab using Guid(813e3ed4dfff0fb44a5546e534df7a78) Importer(815301076,1909f56bfc062723c751e8b465ee728b)  -> (artifact id: '9becbdb16bcbf09633f16c15a29c17ca') in 0.021206 seconds 
  Import took 0.024223 seconds .

========================================================================
Received Import Request.
  Time since last request: 0.000337 seconds.
  path: Assets/Prefab/Rocket.prefab
  artifactKey: Guid(9773be44aad09e348b1edce14bd0bfee) Importer(815301076,1909f56bfc062723c751e8b465ee728b)
Start importing Assets/Prefab/Rocket.prefab using Guid(9773be44aad09e348b1edce14bd0bfee) Importer(815301076,1909f56bfc062723c751e8b465ee728b)  -> (artifact id: '130255fd9d93efe3043895b12054ed79') in 0.021142 seconds 
  Import took 0.023977 seconds .

========================================================================
Received Import Request.
  Time since last request: 0.000310 seconds.
  path: Assets/Prefab/Obstacle.prefab
  artifactKey: Guid(813e3ed4dfff0fb44a5546e534df7a78) Importer(815301076,1909f56bfc062723c751e8b465ee728b)
Start importing Assets/Prefab/Obstacle.prefab using Guid(813e3ed4dfff0fb44a5546e534df7a78) Importer(815301076,1909f56bfc062723c751e8b465ee728b)  -> (artifact id: '9becbdb16bcbf09633f16c15a29c17ca') in 0.014182 seconds 
  Import took 0.016958 seconds .

========================================================================
Received Import Request.
  Time since last request: 0.000360 seconds.
  path: Assets/Prefab/Rocket.prefab
  artifactKey: Guid(9773be44aad09e348b1edce14bd0bfee) Importer(815301076,1909f56bfc062723c751e8b465ee728b)
Start importing Assets/Prefab/Rocket.prefab using Guid(9773be44aad09e348b1edce14bd0bfee) Importer(815301076,1909f56bfc062723c751e8b465ee728b)  -> (artifact id: '130255fd9d93efe3043895b12054ed79') in 0.011296 seconds 
  Import took 0.013898 seconds .

========================================================================
Received Import Request.
  Time since last request: 1.842102 seconds.
  path: Assets/Prefab/Rocket 1.prefab
  artifactKey: Guid(5b928ca2268687142ad1abba6fe0515d) Importer(815301076,1909f56bfc062723c751e8b465ee728b)
Start importing Assets/Prefab/Rocket 1.prefab using Guid(5b928ca2268687142ad1abba6fe0515d) Importer(815301076,1909f56bfc062723c751e8b465ee728b)  -> (artifact id: '2f39804ec0e94b0d402d06d1f309af92') in 0.016884 seconds 
  Import took 0.019340 seconds .

========================================================================
Received Import Request.
  Time since last request: 0.017985 seconds.
  path: Assets/Prefab/Rocket 1.prefab
  artifactKey: Guid(5b928ca2268687142ad1abba6fe0515d) Importer(815301076,1909f56bfc062723c751e8b465ee728b)
Start importing Assets/Prefab/Rocket 1.prefab using Guid(5b928ca2268687142ad1abba6fe0515d) Importer(815301076,1909f56bfc062723c751e8b465ee728b)  -> (artifact id: '2f39804ec0e94b0d402d06d1f309af92') in 0.010351 seconds 
  Import took 0.012646 seconds .

========================================================================
Received Import Request.
  Time since last request: 59.420135 seconds.
  path: Assets/Prefab/Rocket 1.prefab
  artifactKey: Guid(5b928ca2268687142ad1abba6fe0515d) Importer(815301076,1909f56bfc062723c751e8b465ee728b)
Start importing Assets/Prefab/Rocket 1.prefab using Guid(5b928ca2268687142ad1abba6fe0515d) Importer(815301076,1909f56bfc062723c751e8b465ee728b)  -> (artifact id: 'e3a3e820755b55ddafbc8d7083db4ed0') in 0.018626 seconds 
  Import took 0.021028 seconds .

========================================================================
Received Prepare
Registering precompiled user dll's ...
Registered in 0.003741 seconds.
Begin MonoManager ReloadAssembly
Native extension for WindowsStandalone target not found
Native extension for WebGL target not found
Refreshing native plugins compatible for Editor in 0.28 ms, found 2 plugins.
Preloading 0 native plugins for Editor in 0.00 ms.
Mono: successfully reloaded assembly
- Completed reload, in  0.904 seconds
Platform modules already initialized, skipping
Refreshing native plugins compatible for Editor in 0.28 ms, found 2 plugins.
Preloading 0 native plugins for Editor in 0.00 ms.
Unloading 1383 Unused Serialized files (Serialized files now loaded: 0)
System memory in use before: 68.0 MB.
System memory in use after: 68.0 MB.

Unloading 15 unused Assets to reduce memory usage. Loaded Objects now: 1863.
Total: 1.969600 ms (FindLiveObjects: 0.135300 ms CreateObjectMapping: 0.034700 ms MarkObjects: 1.753900 ms  DeleteObjects: 0.044900 ms)

AssetImportParameters requested are different than current active one (requested -> active):
  custom:framework-win-MediaFoundation: 216162199b28c13a410421893ffa2e32 -> 
  custom:video-decoder-ogg-theora: a1e56fd34408186e4bbccfd4996cb3dc -> 
  custom:container-muxer-webm: aa71ff27fc2769a1b78a27578f13a17b -> 
  custom:container-demuxer-webm: 4f35f7cbe854078d1ac9338744f61a02 -> 
  custom:container-demuxer-ogg: 62fdf1f143b41e24485cea50d1cbac27 -> 
  custom:video-encoder-webm-vp8: eb34c28f22e8b96e1ab97ce403110664 -> 
  custom:video-decoder-webm-vp8: 9c59270c3fd7afecdb556c50c9e8de78 -> 
  custom:audio-decoder-ogg-vorbis: bf7c407c2cedff20999df2af8eb42d56 -> 
  custom:audio-encoder-webm-vorbis: bf7c407c2cedff20999df2af8eb42d56 -> 
========================================================================
Received Prepare
Registering precompiled user dll's ...
Registered in 0.004950 seconds.
Begin MonoManager ReloadAssembly
Native extension for WindowsStandalone target not found
Native extension for WebGL target not found
Refreshing native plugins compatible for Editor in 0.28 ms, found 2 plugins.
Preloading 0 native plugins for Editor in 0.00 ms.
Mono: successfully reloaded assembly
- Completed reload, in  0.868 seconds
Platform modules already initialized, skipping
Refreshing native plugins compatible for Editor in 0.27 ms, found 2 plugins.
Preloading 0 native plugins for Editor in 0.00 ms.
Unloading 1383 Unused Serialized files (Serialized files now loaded: 0)
System memory in use before: 68.0 MB.
System memory in use after: 68.0 MB.

Unloading 14 unused Assets to reduce memory usage. Loaded Objects now: 1866.
Total: 2.021400 ms (FindLiveObjects: 0.155000 ms CreateObjectMapping: 0.046000 ms MarkObjects: 1.775300 ms  DeleteObjects: 0.044200 ms)

AssetImportParameters requested are different than current active one (requested -> active):
  custom:framework-win-MediaFoundation: 216162199b28c13a410421893ffa2e32 -> 
  custom:video-decoder-ogg-theora: a1e56fd34408186e4bbccfd4996cb3dc -> 
  custom:container-muxer-webm: aa71ff27fc2769a1b78a27578f13a17b -> 
  custom:container-demuxer-webm: 4f35f7cbe854078d1ac9338744f61a02 -> 
  custom:container-demuxer-ogg: 62fdf1f143b41e24485cea50d1cbac27 -> 
  custom:video-encoder-webm-vp8: eb34c28f22e8b96e1ab97ce403110664 -> 
  custom:video-decoder-webm-vp8: 9c59270c3fd7afecdb556c50c9e8de78 -> 
  custom:audio-decoder-ogg-vorbis: bf7c407c2cedff20999df2af8eb42d56 -> 
  custom:audio-encoder-webm-vorbis: bf7c407c2cedff20999df2af8eb42d56 -> 
========================================================================
Received Import Request.
  Time since last request: 148.075164 seconds.
  path: Assets/Prefab/Rocket 1.prefab
  artifactKey: Guid(5b928ca2268687142ad1abba6fe0515d) Importer(815301076,1909f56bfc062723c751e8b465ee728b)
Start importing Assets/Prefab/Rocket 1.prefab using Guid(5b928ca2268687142ad1abba6fe0515d) Importer(815301076,1909f56bfc062723c751e8b465ee728b)  -> (artifact id: '1a876fa6df6865be604ac15bfbc18583') in 0.059987 seconds 
  Import took 0.062894 seconds .

========================================================================
Received Import Request.
  Time since last request: 42.208056 seconds.
  path: Assets/Prefab/Rocket 1.prefab
  artifactKey: Guid(5b928ca2268687142ad1abba6fe0515d) Importer(815301076,1909f56bfc062723c751e8b465ee728b)
Start importing Assets/Prefab/Rocket 1.prefab using Guid(5b928ca2268687142ad1abba6fe0515d) Importer(815301076,1909f56bfc062723c751e8b465ee728b)  -> (artifact id: '9d204832629c9b6842c54d2f05c785b3') in 0.021789 seconds 
  Import took 0.024309 seconds .

========================================================================
Received Import Request.
  Time since last request: 22.573106 seconds.
  path: Assets/Prefab/Rocket 1.prefab
  artifactKey: Guid(5b928ca2268687142ad1abba6fe0515d) Importer(815301076,1909f56bfc062723c751e8b465ee728b)
Start importing Assets/Prefab/Rocket 1.prefab using Guid(5b928ca2268687142ad1abba6fe0515d) Importer(815301076,1909f56bfc062723c751e8b465ee728b)  -> (artifact id: '28369b08a3dae56f9058a895bfa46b4a') in 0.021290 seconds 
  Import took 0.024744 seconds .

========================================================================
Received Import Request.
  Time since last request: 35.893041 seconds.
  path: Assets/Prefab/Rocket 1.prefab
  artifactKey: Guid(5b928ca2268687142ad1abba6fe0515d) Importer(815301076,1909f56bfc062723c751e8b465ee728b)
Start importing Assets/Prefab/Rocket 1.prefab using Guid(5b928ca2268687142ad1abba6fe0515d) Importer(815301076,1909f56bfc062723c751e8b465ee728b)  -> (artifact id: '151dc614f6a4a801d46258f78d6fedbc') in 0.015440 seconds 
  Import took 0.018400 seconds .

========================================================================
Received Import Request.
  Time since last request: 19.435319 seconds.
  path: Assets/Prefab/Rocket 1.prefab
  artifactKey: Guid(5b928ca2268687142ad1abba6fe0515d) Importer(815301076,1909f56bfc062723c751e8b465ee728b)
Start importing Assets/Prefab/Rocket 1.prefab using Guid(5b928ca2268687142ad1abba6fe0515d) Importer(815301076,1909f56bfc062723c751e8b465ee728b)  -> (artifact id: '8ce767c0ec08deeec9ee06cfa95c1417') in 0.020079 seconds 
  Import took 0.022449 seconds .

========================================================================
Received Import Request.
  Time since last request: 6.433915 seconds.
  path: Assets/Prefab/Rocket 1.prefab
  artifactKey: Guid(5b928ca2268687142ad1abba6fe0515d) Importer(815301076,1909f56bfc062723c751e8b465ee728b)
Start importing Assets/Prefab/Rocket 1.prefab using Guid(5b928ca2268687142ad1abba6fe0515d) Importer(815301076,1909f56bfc062723c751e8b465ee728b)  -> (artifact id: 'af12c04f817630499200812b9ec0ffcd') in 0.018628 seconds 
  Import took 0.022002 seconds .

========================================================================
Received Import Request.
  Time since last request: 7.249005 seconds.
  path: Assets/Prefab/Rocket 1.prefab
  artifactKey: Guid(5b928ca2268687142ad1abba6fe0515d) Importer(815301076,1909f56bfc062723c751e8b465ee728b)
Start importing Assets/Prefab/Rocket 1.prefab using Guid(5b928ca2268687142ad1abba6fe0515d) Importer(815301076,1909f56bfc062723c751e8b465ee728b)  -> (artifact id: '5907e5d8780956a21c48159d50fa2068') in 0.017543 seconds 
  Import took 0.020955 seconds .

========================================================================
Received Import Request.
  Time since last request: 5.020020 seconds.
  path: Assets/Prefab/Rocket 1.prefab
  artifactKey: Guid(5b928ca2268687142ad1abba6fe0515d) Importer(815301076,1909f56bfc062723c751e8b465ee728b)
Start importing Assets/Prefab/Rocket 1.prefab using Guid(5b928ca2268687142ad1abba6fe0515d) Importer(815301076,1909f56bfc062723c751e8b465ee728b)  -> (artifact id: '4926a6e3e83a061abd7b9852e5197353') in 0.007338 seconds 
  Import took 0.009591 seconds .

========================================================================
Received Import Request.
  Time since last request: 1.599892 seconds.
  path: Assets/Prefab/Rocket 1.prefab
  artifactKey: Guid(5b928ca2268687142ad1abba6fe0515d) Importer(815301076,1909f56bfc062723c751e8b465ee728b)
Start importing Assets/Prefab/Rocket 1.prefab using Guid(5b928ca2268687142ad1abba6fe0515d) Importer(815301076,1909f56bfc062723c751e8b465ee728b)  -> (artifact id: '3b5ec74de67efe3c174f738694244595') in 0.007900 seconds 
  Import took 0.010143 seconds .

========================================================================
Received Import Request.
  Time since last request: 12.573240 seconds.
  path: Assets/Prefab/Rocket 1.prefab
  artifactKey: Guid(5b928ca2268687142ad1abba6fe0515d) Importer(815301076,1909f56bfc062723c751e8b465ee728b)
Start importing Assets/Prefab/Rocket 1.prefab using Guid(5b928ca2268687142ad1abba6fe0515d) Importer(815301076,1909f56bfc062723c751e8b465ee728b)  -> (artifact id: 'fd9db1f56257b78d4b2bf3bed35db15e') in 0.031449 seconds 
  Import took 0.035126 seconds .

========================================================================
Received Import Request.
  Time since last request: 8.593474 seconds.
  path: Assets/Prefab/Rocket 1.prefab
  artifactKey: Guid(5b928ca2268687142ad1abba6fe0515d) Importer(815301076,1909f56bfc062723c751e8b465ee728b)
Start importing Assets/Prefab/Rocket 1.prefab using Guid(5b928ca2268687142ad1abba6fe0515d) Importer(815301076,1909f56bfc062723c751e8b465ee728b)  -> (artifact id: '0fb79b965b0877c3e3d40f8f392df4dc') in 0.034194 seconds 
  Import took 0.036385 seconds .

========================================================================
Received Import Request.
  Time since last request: 13.500413 seconds.
  path: Assets/Prefab/Rocket 1.prefab
  artifactKey: Guid(5b928ca2268687142ad1abba6fe0515d) Importer(815301076,1909f56bfc062723c751e8b465ee728b)
Start importing Assets/Prefab/Rocket 1.prefab using Guid(5b928ca2268687142ad1abba6fe0515d) Importer(815301076,1909f56bfc062723c751e8b465ee728b)  -> (artifact id: 'e25d557f31ecdc58f588a589704d9427') in 0.034598 seconds 
  Import took 0.037026 seconds .

========================================================================
Received Prepare
Registering precompiled user dll's ...
Registered in 0.003704 seconds.
Begin MonoManager ReloadAssembly
Native extension for WindowsStandalone target not found
Native extension for WebGL target not found
Refreshing native plugins compatible for Editor in 0.28 ms, found 2 plugins.
Preloading 0 native plugins for Editor in 0.00 ms.
Mono: successfully reloaded assembly
- Completed reload, in  0.885 seconds
Platform modules already initialized, skipping
Refreshing native plugins compatible for Editor in 0.28 ms, found 2 plugins.
Preloading 0 native plugins for Editor in 0.00 ms.
Unloading 1383 Unused Serialized files (Serialized files now loaded: 0)
System memory in use before: 68.0 MB.
System memory in use after: 68.1 MB.

Unloading 15 unused Assets to reduce memory usage. Loaded Objects now: 1870.
Total: 2.175100 ms (FindLiveObjects: 0.125800 ms CreateObjectMapping: 0.036900 ms MarkObjects: 1.961800 ms  DeleteObjects: 0.049600 ms)

AssetImportParameters requested are different than current active one (requested -> active):
  custom:framework-win-MediaFoundation: 216162199b28c13a410421893ffa2e32 -> 
  custom:video-decoder-ogg-theora: a1e56fd34408186e4bbccfd4996cb3dc -> 
  custom:container-muxer-webm: aa71ff27fc2769a1b78a27578f13a17b -> 
  custom:container-demuxer-webm: 4f35f7cbe854078d1ac9338744f61a02 -> 
  custom:container-demuxer-ogg: 62fdf1f143b41e24485cea50d1cbac27 -> 
  custom:video-encoder-webm-vp8: eb34c28f22e8b96e1ab97ce403110664 -> 
  custom:video-decoder-webm-vp8: 9c59270c3fd7afecdb556c50c9e8de78 -> 
  custom:audio-decoder-ogg-vorbis: bf7c407c2cedff20999df2af8eb42d56 -> 
  custom:audio-encoder-webm-vorbis: bf7c407c2cedff20999df2af8eb42d56 -> 
========================================================================
Received Import Request.
  Time since last request: 100.842885 seconds.
  path: Assets/Prefab/Rocket 1.prefab
  artifactKey: Guid(5b928ca2268687142ad1abba6fe0515d) Importer(815301076,1909f56bfc062723c751e8b465ee728b)
Start importing Assets/Prefab/Rocket 1.prefab using Guid(5b928ca2268687142ad1abba6fe0515d) Importer(815301076,1909f56bfc062723c751e8b465ee728b)  -> (artifact id: 'f56b5aed595d2d890e526dd020e59722') in 0.062497 seconds 
  Import took 0.065220 seconds .

========================================================================
Received Import Request.
  Time since last request: 3.907203 seconds.
  path: Assets/Prefab/Rocket 1.prefab
  artifactKey: Guid(5b928ca2268687142ad1abba6fe0515d) Importer(815301076,1909f56bfc062723c751e8b465ee728b)
Start importing Assets/Prefab/Rocket 1.prefab using Guid(5b928ca2268687142ad1abba6fe0515d) Importer(815301076,1909f56bfc062723c751e8b465ee728b)  -> (artifact id: '992ee087524946adb1e3d47e81753de9') in 0.025036 seconds 
  Import took 0.027302 seconds .

========================================================================
Received Import Request.
  Time since last request: 1.183843 seconds.
  path: Assets/Prefab/Rocket 1.prefab
  artifactKey: Guid(5b928ca2268687142ad1abba6fe0515d) Importer(815301076,1909f56bfc062723c751e8b465ee728b)
Start importing Assets/Prefab/Rocket 1.prefab using Guid(5b928ca2268687142ad1abba6fe0515d) Importer(815301076,1909f56bfc062723c751e8b465ee728b)  -> (artifact id: '1ba6041b7fd747bef7f2276404878458') in 0.023069 seconds 
  Import took 0.025300 seconds .

========================================================================
Received Import Request.
  Time since last request: 3.005411 seconds.
  path: Assets/Prefab/Rocket 1.prefab
  artifactKey: Guid(5b928ca2268687142ad1abba6fe0515d) Importer(815301076,1909f56bfc062723c751e8b465ee728b)
Start importing Assets/Prefab/Rocket 1.prefab using Guid(5b928ca2268687142ad1abba6fe0515d) Importer(815301076,1909f56bfc062723c751e8b465ee728b)  -> (artifact id: 'b43b77dd9eccf248657d1bb7d38c4fa8') in 0.016925 seconds 
  Import took 0.019159 seconds .

========================================================================
Received Import Request.
  Time since last request: 10.075456 seconds.
  path: Assets/Prefab/Rocket 1.prefab
  artifactKey: Guid(5b928ca2268687142ad1abba6fe0515d) Importer(815301076,1909f56bfc062723c751e8b465ee728b)
Start importing Assets/Prefab/Rocket 1.prefab using Guid(5b928ca2268687142ad1abba6fe0515d) Importer(815301076,1909f56bfc062723c751e8b465ee728b)  -> (artifact id: '0967311adf01db760df620717771e8fc') in 0.040131 seconds 
  Import took 0.042657 seconds .

========================================================================
Received Import Request.
  Time since last request: 6.824270 seconds.
  path: Assets/Prefab/Rocket 1.prefab
  artifactKey: Guid(5b928ca2268687142ad1abba6fe0515d) Importer(815301076,1909f56bfc062723c751e8b465ee728b)
Start importing Assets/Prefab/Rocket 1.prefab using Guid(5b928ca2268687142ad1abba6fe0515d) Importer(815301076,1909f56bfc062723c751e8b465ee728b)  -> (artifact id: '1176e260fa8cba590e2bc690bd7eff3e') in 0.013889 seconds 
  Import took 0.016192 seconds .

========================================================================
Received Import Request.
  Time since last request: 7.253127 seconds.
  path: Assets/Prefab/Rocket 1.prefab
  artifactKey: Guid(5b928ca2268687142ad1abba6fe0515d) Importer(815301076,1909f56bfc062723c751e8b465ee728b)
Start importing Assets/Prefab/Rocket 1.prefab using Guid(5b928ca2268687142ad1abba6fe0515d) Importer(815301076,1909f56bfc062723c751e8b465ee728b)  -> (artifact id: '4cef8600c1b82ddf3aca9b01add40b3e') in 0.013966 seconds 
  Import took 0.016547 seconds .

========================================================================
Received Import Request.
  Time since last request: 8.299980 seconds.
  path: Assets/Materials/Obstacle.mat
  artifactKey: Guid(9f5e1e8947a056a4e83f69ddb3b7ca19) Importer(815301076,1909f56bfc062723c751e8b465ee728b)
Start importing Assets/Materials/Obstacle.mat using Guid(9f5e1e8947a056a4e83f69ddb3b7ca19) Importer(815301076,1909f56bfc062723c751e8b465ee728b)  -> (artifact id: 'd0cc1e8216a8797e2bd2f3f332fc2363') in 0.042323 seconds 
  Import took 0.045547 seconds .

========================================================================
Received Import Request.
  Time since last request: 24.446918 seconds.
  path: Assets/Materials/Thrusters.mat
  artifactKey: Guid(ce2577c0933c79447a863d7187ca888b) Importer(815301076,1909f56bfc062723c751e8b465ee728b)
Start importing Assets/Materials/Thrusters.mat using Guid(ce2577c0933c79447a863d7187ca888b) Importer(815301076,1909f56bfc062723c751e8b465ee728b)  -> (artifact id: '5efee6f5f141be398c38ad9348ba204f') in 0.014324 seconds 
  Import took 0.016576 seconds .

========================================================================
Received Import Request.
  Time since last request: 27.247297 seconds.
  path: Assets/Materials/Thrusters.mat
  artifactKey: Guid(ce2577c0933c79447a863d7187ca888b) Importer(815301076,1909f56bfc062723c751e8b465ee728b)
Start importing Assets/Materials/Thrusters.mat using Guid(ce2577c0933c79447a863d7187ca888b) Importer(815301076,1909f56bfc062723c751e8b465ee728b)  -> (artifact id: 'a4f57dc443fb00e37c658cd5244b0ce9') in 0.017354 seconds 
  Import took 0.019785 seconds .

========================================================================
Received Import Request.
  Time since last request: 18.056613 seconds.
  path: Assets/Materials/window.mat
  artifactKey: Guid(c14493916a583e741bb9dfd2c68695e1) Importer(815301076,1909f56bfc062723c751e8b465ee728b)
Start importing Assets/Materials/window.mat using Guid(c14493916a583e741bb9dfd2c68695e1) Importer(815301076,1909f56bfc062723c751e8b465ee728b)  -> (artifact id: '164b999f9501a38e0fae03dafb2a9ac2') in 0.015722 seconds 
  Import took 0.018399 seconds .

========================================================================
Received Prepare
Registering precompiled user dll's ...
Registered in 0.004952 seconds.
Begin MonoManager ReloadAssembly
Native extension for WindowsStandalone target not found
Native extension for WebGL target not found
Refreshing native plugins compatible for Editor in 0.30 ms, found 2 plugins.
Preloading 0 native plugins for Editor in 0.00 ms.
Mono: successfully reloaded assembly
- Completed reload, in  0.883 seconds
Platform modules already initialized, skipping
Refreshing native plugins compatible for Editor in 0.28 ms, found 2 plugins.
Preloading 0 native plugins for Editor in 0.00 ms.
Unloading 1383 Unused Serialized files (Serialized files now loaded: 0)
System memory in use before: 68.3 MB.
System memory in use after: 68.4 MB.

Unloading 15 unused Assets to reduce memory usage. Loaded Objects now: 1908.
Total: 1.914100 ms (FindLiveObjects: 0.131300 ms CreateObjectMapping: 0.038700 ms MarkObjects: 1.697700 ms  DeleteObjects: 0.045400 ms)

AssetImportParameters requested are different than current active one (requested -> active):
  custom:framework-win-MediaFoundation: 216162199b28c13a410421893ffa2e32 -> 
  custom:video-decoder-ogg-theora: a1e56fd34408186e4bbccfd4996cb3dc -> 
  custom:container-muxer-webm: aa71ff27fc2769a1b78a27578f13a17b -> 
  custom:container-demuxer-webm: 4f35f7cbe854078d1ac9338744f61a02 -> 
  custom:container-demuxer-ogg: 62fdf1f143b41e24485cea50d1cbac27 -> 
  custom:video-encoder-webm-vp8: eb34c28f22e8b96e1ab97ce403110664 -> 
  custom:video-decoder-webm-vp8: 9c59270c3fd7afecdb556c50c9e8de78 -> 
  custom:audio-decoder-ogg-vorbis: bf7c407c2cedff20999df2af8eb42d56 -> 
  custom:audio-encoder-webm-vorbis: bf7c407c2cedff20999df2af8eb42d56 -> 
